\BOOKMARK [0][]{chapter*.1}{\376\377\000H\000A\000L\000A\000M\000A\000N\000\040\000P\000E\000N\000G\000E\000S\000A\000H\000A\000N\000\040\000P\000E\000M\000B\000I\000M\000B\000I\000N\000G}{}% 1
\BOOKMARK [0][]{chapter*.2}{\376\377\000P\000E\000R\000N\000Y\000A\000T\000A\000A\000N\000\040\000K\000E\000A\000S\000L\000I\000A\000N\000\040\000T\000U\000G\000A\000S\000\040\000A\000K\000H\000I\000R}{}% 2
\BOOKMARK [0][]{chapter*.3}{\376\377\000H\000A\000L\000A\000M\000A\000N\000\040\000P\000E\000R\000S\000E\000M\000B\000A\000H\000A\000N}{}% 3
\BOOKMARK [0][]{chapter*.4}{\376\377\000K\000A\000T\000A\000\040\000P\000E\000N\000G\000A\000N\000T\000A\000R}{}% 4
\BOOKMARK [0][]{chapter*.5}{\376\377\000D\000A\000F\000T\000A\000R\000\040\000I\000S\000I}{}% 5
\BOOKMARK [0][]{chapter*.6}{\376\377\000D\000A\000F\000T\000A\000R\000\040\000T\000A\000B\000E\000L}{}% 6
\BOOKMARK [0][]{chapter*.7}{\376\377\000D\000A\000F\000T\000A\000R\000\040\000G\000A\000M\000B\000A\000R}{}% 7
\BOOKMARK [0][]{chapter*.8}{\376\377\000D\000A\000F\000T\000A\000R\000\040\000M\000O\000D\000U\000L\000\040\000P\000R\000O\000G\000R\000A\000M}{}% 8
\BOOKMARK [0][]{chapter*.9}{\376\377\000I\000N\000T\000I\000S\000A\000R\000I}{}% 9
\BOOKMARK [0][]{chapter*.10}{\376\377\000A\000B\000S\000T\000R\000A\000C\000T}{}% 10
\BOOKMARK [0][]{chapter.1}{\376\377\000I\000\040\000P\000E\000N\000D\000A\000H\000U\000L\000U\000A\000N}{}% 11
\BOOKMARK [1][-]{section.1.1}{\376\377\0001\000.\0001\000\040\000L\000a\000t\000a\000r\000\040\000B\000e\000l\000a\000k\000a\000n\000g}{chapter.1}% 12
\BOOKMARK [1][-]{section.1.2}{\376\377\0001\000.\0002\000\040\000R\000u\000m\000u\000s\000a\000n\000\040\000M\000a\000s\000a\000l\000a\000h}{chapter.1}% 13
\BOOKMARK [1][-]{section.1.3}{\376\377\0001\000.\0003\000\040\000R\000u\000a\000n\000g\000\040\000L\000i\000n\000g\000k\000u\000p}{chapter.1}% 14
\BOOKMARK [1][-]{section.1.4}{\376\377\0001\000.\0004\000\040\000T\000u\000j\000u\000a\000n\000\040\000P\000e\000n\000e\000l\000i\000t\000i\000a\000n}{chapter.1}% 15
\BOOKMARK [1][-]{section.1.5}{\376\377\0001\000.\0005\000\040\000M\000a\000n\000f\000a\000a\000t\000\040\000P\000e\000n\000e\000l\000i\000t\000i\000a\000n}{chapter.1}% 16
\BOOKMARK [1][-]{section.1.6}{\376\377\0001\000.\0006\000\040\000S\000i\000s\000t\000e\000m\000a\000t\000i\000k\000a\000\040\000P\000e\000n\000u\000l\000i\000s\000a\000n}{chapter.1}% 17
\BOOKMARK [0][]{chapter.2}{\376\377\000I\000I\000\040\000T\000I\000N\000J\000A\000U\000A\000N\000\040\000P\000U\000S\000T\000A\000K\000A\000\040\000D\000A\000N\000\040\000D\000A\000S\000A\000R\000\040\000T\000E\000O\000R\000I}{}% 18
\BOOKMARK [1][-]{section.2.1}{\376\377\0002\000.\0001\000\040\000T\000i\000n\000j\000a\000u\000a\000n\000\040\000P\000u\000s\000t\000a\000k\000a}{chapter.2}% 19
\BOOKMARK [1][-]{section.2.2}{\376\377\0002\000.\0002\000\040\000L\000a\000n\000d\000a\000s\000a\000n\000\040\000T\000e\000o\000r\000i}{chapter.2}% 20
\BOOKMARK [2][-]{subsection.2.2.1}{\376\377\0002\000.\0002\000.\0001\000\040\000L\000a\000T\000e\000X}{section.2.2}% 21
\BOOKMARK [2][-]{subsection.2.2.2}{\376\377\0002\000.\0002\000.\0002\000\040\000S\000u\000b\000l\000i\000m\000e\000\040\000T\000e\000x\000t}{section.2.2}% 22
\BOOKMARK [2][-]{subsection.2.2.3}{\376\377\0002\000.\0002\000.\0003\000\040\000A\000t\000u\000r\000a\000n\000\040\000P\000e\000n\000u\000l\000i\000s\000a\000n}{section.2.2}% 23
\BOOKMARK [0][]{chapter.3}{\376\377\000I\000I\000I\000\040\000M\000E\000T\000O\000D\000E\000\040\000P\000E\000N\000E\000L\000I\000T\000I\000A\000N}{}% 24
\BOOKMARK [1][-]{section.3.1}{\376\377\0003\000.\0001\000\040\000B\000a\000h\000a\000n\000/\000D\000a\000t\000a}{chapter.3}% 25
\BOOKMARK [1][-]{section.3.2}{\376\377\0003\000.\0002\000\040\000P\000e\000r\000a\000l\000a\000t\000a\000n}{chapter.3}% 26
\BOOKMARK [1][-]{section.3.3}{\376\377\0003\000.\0003\000\040\000P\000r\000o\000s\000e\000d\000u\000r\000\040\000d\000a\000n\000\040\000P\000e\000n\000g\000u\000m\000p\000u\000l\000a\000n\000\040\000D\000a\000t\000a}{chapter.3}% 27
\BOOKMARK [1][-]{section.3.4}{\376\377\0003\000.\0004\000\040\000A\000n\000a\000l\000i\000s\000i\000s\000\040\000d\000a\000n\000\040\000R\000a\000n\000c\000a\000n\000g\000a\000n\000\040\000S\000i\000s\000t\000e\000m}{chapter.3}% 28
\BOOKMARK [0][]{chapter.4}{\376\377\000I\000V\000\040\000I\000M\000P\000L\000E\000M\000E\000N\000T\000A\000S\000I\000\040\000D\000A\000N\000\040\000P\000E\000M\000B\000A\000H\000A\000S\000A\000N}{}% 29
\BOOKMARK [1][-]{section.4.1}{\376\377\0004\000.\0001\000\040\000I\000m\000p\000l\000e\000m\000e\000n\000t\000a\000s\000i\000\040\000d\000a\000n\000\040\000U\000j\000i\000\040\000C\000o\000b\000a\000\040\000S\000i\000s\000t\000e\000m}{chapter.4}% 30
\BOOKMARK [1][-]{section.4.2}{\376\377\0004\000.\0002\000\040\000P\000e\000m\000b\000a\000h\000a\000s\000a\000n}{chapter.4}% 31
\BOOKMARK [2][-]{subsection.4.2.1}{\376\377\0004\000.\0002\000.\0001\000\040\000K\000o\000d\000i\000n\000g\000\040\000a\000t\000a\000u\000\040\000s\000o\000u\000r\000c\000e\000\040\000c\000o\000d\000e}{section.4.2}% 32
\BOOKMARK [2][-]{subsection.4.2.2}{\376\377\0004\000.\0002\000.\0002\000\040\000K\000o\000d\000i\000n\000g\000\040\000s\000i\000n\000g\000k\000a\000t}{section.4.2}% 33
\BOOKMARK [2][-]{subsection.4.2.3}{\376\377\0004\000.\0002\000.\0003\000\040\000K\000o\000d\000e\000\040\000P\000y\000t\000h\000o\000n}{section.4.2}% 34
\BOOKMARK [0][]{chapter.5}{\376\377\000V\000\040\000P\000E\000N\000U\000T\000U\000P}{}% 35
\BOOKMARK [1][-]{section.5.1}{\376\377\0005\000.\0001\000\040\000K\000e\000s\000i\000m\000p\000u\000l\000a\000n}{chapter.5}% 36
\BOOKMARK [1][-]{section.5.2}{\376\377\0005\000.\0002\000\040\000S\000a\000r\000a\000n}{chapter.5}% 37
\BOOKMARK [0][]{chapter*.14}{\376\377\000D\000A\000F\000T\000A\000R\000\040\000P\000U\000S\000T\000A\000K\000A}{}% 38
\BOOKMARK [0][]{chapter*.14}{\376\377\000L\000A\000M\000P\000I\000R\000A\000N}{}% 39
